<?xml version="1.0" encoding="UTF-8"?>
<testsuite name="com.orangeandbronze.enlistment.StudentTest" tests="1" skipped="0" failures="0" errors="0" timestamp="2023-01-27T09:26:35" hostname="Johns-MacBook-Pro.local" time="0.064">
  <properties/>
  <testcase name="enlist_2_section_same_schedule()" classname="com.orangeandbronze.enlistment.StudentTest" time="0.064"/>
  <system-out><![CDATA[]]></system-out>
  <system-err><![CDATA[]]></system-err>
</testsuite>
